<?xml version="1.0" encoding="UTF-8"?>
<testng-results ignored="0" total="1" passed="1" failed="0" skipped="0">
  <reporter-output>
  </reporter-output>
  <suite started-at="2025-11-14T19:16:58 CET" name="Default suite" finished-at="2025-11-14T19:17:02 CET" duration-ms="4500">
    <groups>
    </groups>
    <test started-at="2025-11-14T19:16:58 CET" name="Default test" finished-at="2025-11-14T19:17:02 CET" duration-ms="4500">
      <class name="com.test.pw.PlaywrightTests.FirstTest">
        <test-method is-config="true" signature="setup()[pri:0, instance:com.test.pw.PlaywrightTests.FirstTest@399f45b1]" started-at="2025-11-14T19:16:58 CET" name="setup" finished-at="2025-11-14T19:17:01 CET" duration-ms="3329" status="PASS">
          <reporter-output>
          </reporter-output>
        </test-method> <!-- setup -->
        <test-method signature="test1()[pri:0, instance:com.test.pw.PlaywrightTests.FirstTest@399f45b1]" started-at="2025-11-14T19:17:01 CET" name="test1" finished-at="2025-11-14T19:17:02 CET" duration-ms="846" status="PASS">
          <reporter-output>
          </reporter-output>
        </test-method> <!-- test1 -->
        <test-method is-config="true" signature="tearDown()[pri:0, instance:com.test.pw.PlaywrightTests.FirstTest@399f45b1]" started-at="2025-11-14T19:17:02 CET" name="tearDown" finished-at="2025-11-14T19:17:02 CET" duration-ms="274" status="PASS">
          <reporter-output>
          </reporter-output>
        </test-method> <!-- tearDown -->
      </class> <!-- com.test.pw.PlaywrightTests.FirstTest -->
    </test> <!-- Default test -->
  </suite> <!-- Default suite -->
</testng-results>
